build/intermediates/manifest_merge_blame_file/debug/manifest-merger-blame-debug-report.txt
1<?xml version="1.0" encoding="utf-8"?>
2<manifest xmlns:android="http://schemas.android.com/apk/res/android"
3    package="com.azhar.travel"
4    android:versionCode="1"
5    android:versionName="1.0" >
6
7    <uses-sdk
8        android:minSdkVersion="21"
8-->src/main/AndroidManifest.xml
9        android:targetSdkVersion="29" />
9-->src/main/AndroidManifest.xml
10
11    <application
11-->src/main/AndroidManifest.xml:6:5-42:19
12        android:allowBackup="true"
12-->src/main/AndroidManifest.xml:7:9-35
13        android:appComponentFactory="androidx.core.app.CoreComponentFactory"
13-->[androidx.core:core:1.1.0] AndroidManifest.xml:24:18-86
14        android:debuggable="true"
15        android:icon="@mipmap/ic_launcher"
15-->src/main/AndroidManifest.xml:8:9-43
16        android:label="@string/app_name"
16-->src/main/AndroidManifest.xml:9:9-41
17        android:roundIcon="@mipmap/ic_launcher_round"
17-->src/main/AndroidManifest.xml:10:9-54
18        android:supportsRtl="true"
18-->src/main/AndroidManifest.xml:11:9-35
19        android:testOnly="true"
20        android:theme="@style/AppTheme" >
20-->src/main/AndroidManifest.xml:12:9-40
21        <activity android:name="com.trihartono.kelompok4.activity.MainActivity" >
21-->src/main/AndroidManifest.xml:14:9-22:20
21-->src/main/AndroidManifest.xml:15:13-50
22            //android:screenOrientation="portrait">
23            <intent-filter>
23-->src/main/AndroidManifest.xml:17:13-21:29
24                <action android:name="android.intent.action.MAIN" />
24-->src/main/AndroidManifest.xml:18:17-69
24-->src/main/AndroidManifest.xml:18:25-66
25
26                <category android:name="android.intent.category.LAUNCHER" />
26-->src/main/AndroidManifest.xml:20:17-77
26-->src/main/AndroidManifest.xml:20:27-74
27            </intent-filter>
28        </activity>
29        <activity
29-->src/main/AndroidManifest.xml:23:9-26:54
30            android:name="com.trihartono.kelompok4.activity.LoginActivity"
30-->src/main/AndroidManifest.xml:24:13-51
31            android:configChanges="keyboardHidden|orientation|screenSize"
31-->src/main/AndroidManifest.xml:25:13-74
32            android:windowSoftInputMode="adjustPan" />
32-->src/main/AndroidManifest.xml:26:13-52
33            //android:screenOrientation="portrait"/>
34        <activity
34-->src/main/AndroidManifest.xml:28:9-31:54
35            android:name="com.trihartono.kelompok4.activity.RegisterActivity"
35-->src/main/AndroidManifest.xml:29:13-54
36            android:configChanges="keyboardHidden|orientation|screenSize"
36-->src/main/AndroidManifest.xml:30:13-74
37            android:windowSoftInputMode="adjustPan" />
37-->src/main/AndroidManifest.xml:31:13-52
38            //android:screenOrientation="portrait"/>
39        <activity android:name="com.trihartono.kelompok4.activity.ProfileActivity" />
39-->src/main/AndroidManifest.xml:33:9-34:55
39-->src/main/AndroidManifest.xml:34:13-53
40            //android:screenOrientation="portrait" />
41        <activity android:name="com.trihartono.kelompok4.activity.HistoryActivity" />
41-->src/main/AndroidManifest.xml:36:9-37:55
41-->src/main/AndroidManifest.xml:37:13-53
42            //android:screenOrientation="portrait" />
43        <activity android:name="com.trihartono.kelompok4.activity.BookKeretaActivity" />
43-->src/main/AndroidManifest.xml:39:9-40:58
43-->src/main/AndroidManifest.xml:40:13-56
44            //android:screenOrientation="portrait" />
45    </application>
46
47</manifest>